Using pre-set license
Built from '2021.1/staging' branch; Version is '2021.1.12f1 (afcadd793de6) revision 11520733'; Using compiler version '192528614'; Build Type 'Release'
OS: 'Windows 10 Pro; OS build 19042.1348; Version 2009; 64bit' Language: 'en' Physical Memory: 13237 MB
BatchMode: 1, IsHumanControllingUs: 0, StartBugReporterOnCrash: 0, Is64bit: 1, IsPro: 0

 COMMAND LINE ARGUMENTS:
C:\Program Files\Unity\Hub\Editor\2021.1.12f1\Editor\Unity.exe
-adb2
-batchMode
-noUpm
-name
AssetImportWorker0
-projectPath
E:/Unity Projects/Projects/OceanLifeGit/CoinRacerUnity
-logFile
Logs/AssetImportWorker0.log
-srvPort
61290
Successfully changed project path to: E:/Unity Projects/Projects/OceanLifeGit/CoinRacerUnity
E:/Unity Projects/Projects/OceanLifeGit/CoinRacerUnity
Using Asset Import Pipeline V2.
Refreshing native plugins compatible for Editor in 244.61 ms, found 4 plugins.
Preloading 0 native plugins for Editor in 0.00 ms.
Initialize engine version: 2021.1.12f1 (afcadd793de6)
[Subsystems] Discovering subsystems at path C:/Program Files/Unity/Hub/Editor/2021.1.12f1/Editor/Data/Resources/UnitySubsystems
[Subsystems] Discovering subsystems at path E:/Unity Projects/Projects/OceanLifeGit/CoinRacerUnity/Assets
GfxDevice: creating device client; threaded=0; jobified=0
Direct3D:
    Version:  Direct3D 11.0 [level 11.1]
    Renderer: AMD Radeon(TM) RX Vega 11 Graphics (ID=0x15dd)
    Vendor:   ATI
    VRAM:     6618 MB
    Driver:   26.20.13001.40003
Initialize mono
Mono path[0] = 'C:/Program Files/Unity/Hub/Editor/2021.1.12f1/Editor/Data/Managed'
Mono path[1] = 'C:/Program Files/Unity/Hub/Editor/2021.1.12f1/Editor/Data/MonoBleedingEdge/lib/mono/unityjit'
Mono config path = 'C:/Program Files/Unity/Hub/Editor/2021.1.12f1/Editor/Data/MonoBleedingEdge/etc'
Using monoOptions --debugger-agent=transport=dt_socket,embedding=1,server=y,suspend=n,address=127.0.0.1:56896
Begin MonoManager ReloadAssembly
Registering precompiled unity dll's ...
Register platform support module: C:/Program Files/Unity/Hub/Editor/2021.1.12f1/Editor/Data/PlaybackEngines/WebGLSupport/UnityEditor.WebGL.Extensions.dll
Register platform support module: C:/Program Files/Unity/Hub/Editor/2021.1.12f1/Editor/Data/PlaybackEngines/WindowsStandaloneSupport/UnityEditor.WindowsStandalone.Extensions.dll
Registered in 0.003025 seconds.
Native extension for WindowsStandalone target not found
Native extension for WebGL target not found
Refreshing native plugins compatible for Editor in 263.47 ms, found 4 plugins.
Preloading 0 native plugins for Editor in 0.00 ms.
Mono: successfully reloaded assembly
- Completed reload, in  2.388 seconds
Domain Reload Profiling:
	ReloadAssembly (2388ms)
		BeginReloadAssembly (63ms)
			ExecutionOrderSort (0ms)
			DisableScriptedObjects (0ms)
			BackupInstance (0ms)
			ReleaseScriptingObjects (0ms)
			CreateAndSetChildDomain (1ms)
		EndReloadAssembly (797ms)
			LoadAssemblies (60ms)
			RebuildTransferFunctionScriptingTraits (0ms)
			SetupTypeCache (230ms)
			ReleaseScriptCaches (0ms)
			RebuildScriptCaches (46ms)
			SetupLoadedEditorAssemblies (449ms)
				LogAssemblyErrors (0ms)
				InitializePlatformSupportModulesInManaged (14ms)
				SetLoadedEditorAssemblies (0ms)
				RefreshPlugins (264ms)
				BeforeProcessingInitializeOnLoad (2ms)
				ProcessInitializeOnLoadAttributes (127ms)
				ProcessInitializeOnLoadMethodAttributes (42ms)
				AfterProcessingInitializeOnLoad (0ms)
				EditorAssembliesLoaded (0ms)
			ExecutionOrderSort2 (0ms)
			AwakeInstancesAfterBackupRestoration (0ms)
Platform modules already initialized, skipping
Registering precompiled user dll's ...
Registered in 0.009686 seconds.
Begin MonoManager ReloadAssembly
Symbol file LoadedFromMemory doesn't match image E:\Unity Projects\Projects\OceanLifeGit\CoinRacerUnity\Library\PackageCache\com.unity.visualscripting@1.6.1\Editor\VisualScripting.Core\Dependencies\YamlDotNet\Unity.VisualScripting.YamlDotNet.dll
Symbol file LoadedFromMemory doesn't match image E:\Unity Projects\Projects\OceanLifeGit\CoinRacerUnity\Library\PackageCache\com.unity.visualscripting@1.6.1\Editor\VisualScripting.Core\Dependencies\DotNetZip\Unity.VisualScripting.IonicZip.dll
Native extension for WindowsStandalone target not found
Native extension for WebGL target not found
Refreshing native plugins compatible for Editor in 333.71 ms, found 4 plugins.
Preloading 0 native plugins for Editor in 0.00 ms.
Mono: successfully reloaded assembly
- Completed reload, in  2.911 seconds
Domain Reload Profiling:
	ReloadAssembly (2912ms)
		BeginReloadAssembly (201ms)
			ExecutionOrderSort (0ms)
			DisableScriptedObjects (9ms)
			BackupInstance (0ms)
			ReleaseScriptingObjects (0ms)
			CreateAndSetChildDomain (27ms)
		EndReloadAssembly (2595ms)
			LoadAssemblies (158ms)
			RebuildTransferFunctionScriptingTraits (0ms)
			SetupTypeCache (822ms)
			ReleaseScriptCaches (1ms)
			RebuildScriptCaches (157ms)
			SetupLoadedEditorAssemblies (1137ms)
				LogAssemblyErrors (0ms)
				InitializePlatformSupportModulesInManaged (11ms)
				SetLoadedEditorAssemblies (0ms)
				RefreshPlugins (334ms)
				BeforeProcessingInitializeOnLoad (158ms)
				ProcessInitializeOnLoadAttributes (612ms)
				ProcessInitializeOnLoadMethodAttributes (12ms)
				AfterProcessingInitializeOnLoad (10ms)
				EditorAssembliesLoaded (0ms)
			ExecutionOrderSort2 (0ms)
			AwakeInstancesAfterBackupRestoration (11ms)
Platform modules already initialized, skipping
========================================================================
Worker process is ready to serve import requests
Launched and connected shader compiler UnityShaderCompiler.exe after 0.12 seconds
Refreshing native plugins compatible for Editor in 2.47 ms, found 4 plugins.
Preloading 0 native plugins for Editor in 0.00 ms.
Unloading 5773 Unused Serialized files (Serialized files now loaded: 0)
System memory in use before: 226.3 MB.
System memory in use after: 226.8 MB.

Unloading 48 unused Assets to reduce memory usage. Loaded Objects now: 6221.
Total: 5.089800 ms (FindLiveObjects: 1.017100 ms CreateObjectMapping: 0.915600 ms MarkObjects: 3.055700 ms  DeleteObjects: 0.099900 ms)

AssetImportParameters requested are different than current active one (requested -> active):
  custom:framework-win-MediaFoundation: 216162199b28c13a410421893ffa2e32 -> 
  custom:video-decoder-ogg-theora: a1e56fd34408186e4bbccfd4996cb3dc -> 
  custom:container-muxer-webm: aa71ff27fc2769a1b78a27578f13a17b -> 
  custom:container-demuxer-webm: 4f35f7cbe854078d1ac9338744f61a02 -> 
  custom:container-demuxer-ogg: 62fdf1f143b41e24485cea50d1cbac27 -> 
  custom:video-encoder-webm-vp8: eb34c28f22e8b96e1ab97ce403110664 -> 
  custom:video-decoder-webm-vp8: 9c59270c3fd7afecdb556c50c9e8de78 -> 
  custom:audio-decoder-ogg-vorbis: bf7c407c2cedff20999df2af8eb42d56 -> 
  custom:audio-encoder-webm-vorbis: bf7c407c2cedff20999df2af8eb42d56 -> 
========================================================================
Received Import Request.
  path: Assets/polyperfect/Low Poly Ultimate Pack/M/- Meshes_M/Apocalypse_M/barrier-concrete-demaged.fbx
  artifactKey: Guid(aec5e6c985eb44f26952767e62007614) Importer(815301076,1909f56bfc062723c751e8b465ee728b)
Start importing Assets/polyperfect/Low Poly Ultimate Pack/M/- Meshes_M/Apocalypse_M/barrier-concrete-demaged.fbx using Guid(aec5e6c985eb44f26952767e62007614) Importer(815301076,1909f56bfc062723c751e8b465ee728b)  -> (artifact id: 'be4f9d70eaa9c74e0862d0780d3cf6a9') in 0.411476 seconds 
========================================================================
Received Import Request.
  Time since last request: 0.000239 seconds.
  path: Assets/polyperfect/Low Poly Ultimate Pack/T/- Prefabs_T/Apocalypse_T/barrier-concrete-demaged.prefab
  artifactKey: Guid(461957b2fcf3a40afa53c22aab2224e5) Importer(815301076,1909f56bfc062723c751e8b465ee728b)
Start importing Assets/polyperfect/Low Poly Ultimate Pack/T/- Prefabs_T/Apocalypse_T/barrier-concrete-demaged.prefab using Guid(461957b2fcf3a40afa53c22aab2224e5) Importer(815301076,1909f56bfc062723c751e8b465ee728b)  -> (artifact id: '8fdc90429b11408939d51c486cb4b3fb') in 0.846430 seconds 
========================================================================
Received Import Request.
  Time since last request: 0.000265 seconds.
  path: Assets/polyperfect/Low Poly Ultimate Pack/M/- Prefabs_M/Apocalypse_M/barrier-concrete.prefab
  artifactKey: Guid(81cff15d8508941e1aed5ca97a1ef7f1) Importer(815301076,1909f56bfc062723c751e8b465ee728b)
Start importing Assets/polyperfect/Low Poly Ultimate Pack/M/- Prefabs_M/Apocalypse_M/barrier-concrete.prefab using Guid(81cff15d8508941e1aed5ca97a1ef7f1) Importer(815301076,1909f56bfc062723c751e8b465ee728b)  -> (artifact id: 'a25ebc62ba6f50e9da29bb789373d7d3') in 0.090827 seconds 
========================================================================
Received Import Request.
  Time since last request: 0.000285 seconds.
  path: Assets/polyperfect/Low Poly Ultimate Pack/T/- Prefabs_T/Apocalypse_T/barrier-concrete.prefab
  artifactKey: Guid(756b79cb808cc4a7a933d2adf330571d) Importer(815301076,1909f56bfc062723c751e8b465ee728b)
Start importing Assets/polyperfect/Low Poly Ultimate Pack/T/- Prefabs_T/Apocalypse_T/barrier-concrete.prefab using Guid(756b79cb808cc4a7a933d2adf330571d) Importer(815301076,1909f56bfc062723c751e8b465ee728b)  -> (artifact id: '9f524fc70bfeac3430948686eb780615') in 0.042461 seconds 
========================================================================
Received Import Request.
  Time since last request: 0.000281 seconds.
  path: Assets/EngineeringAssets/Scripts/Constants.cs
  artifactKey: Guid(6542ae5bd3889e14dab6fb9fbc952204) Importer(815301076,1909f56bfc062723c751e8b465ee728b)
Start importing Assets/EngineeringAssets/Scripts/Constants.cs using Guid(6542ae5bd3889e14dab6fb9fbc952204) Importer(815301076,1909f56bfc062723c751e8b465ee728b)  -> (artifact id: 'b786bf394a182e43ee3e328fd376c1e6') in 0.010933 seconds 
========================================================================
Received Import Request.
  Time since last request: 0.000258 seconds.
  path: Assets/polyperfect/Low Poly Ultimate Pack/M/- Prefabs_M/Buildings_M/airport-control-tower.prefab
  artifactKey: Guid(78d744dd7b398f540bdde01fe817133b) Importer(815301076,1909f56bfc062723c751e8b465ee728b)
Start importing Assets/polyperfect/Low Poly Ultimate Pack/M/- Prefabs_M/Buildings_M/airport-control-tower.prefab using Guid(78d744dd7b398f540bdde01fe817133b) Importer(815301076,1909f56bfc062723c751e8b465ee728b)  -> (artifact id: 'b0853fdc11066dfe41f1e696c35b5ed8') in 0.061964 seconds 
========================================================================
Received Import Request.
  Time since last request: 0.000268 seconds.
  path: Assets/polyperfect/Low Poly Ultimate Pack/T/- Prefabs_T/Buildings_T/airport-control-tower.prefab
  artifactKey: Guid(5e0bc492235d54e4c926ed1e1707e74f) Importer(815301076,1909f56bfc062723c751e8b465ee728b)
Start importing Assets/polyperfect/Low Poly Ultimate Pack/T/- Prefabs_T/Buildings_T/airport-control-tower.prefab using Guid(5e0bc492235d54e4c926ed1e1707e74f) Importer(815301076,1909f56bfc062723c751e8b465ee728b)  -> (artifact id: '22d55ed358d53d04d6dbac76569a73d1') in 0.042202 seconds 
========================================================================
Received Import Request.
  Time since last request: 0.000316 seconds.
  path: Assets/polyperfect/Low Poly Ultimate Pack/M/- Meshes_M/Buildings_M/airport-control-tower.fbx
  artifactKey: Guid(0842ea9439597094ca38ad1fcacc678d) Importer(815301076,1909f56bfc062723c751e8b465ee728b)
Start importing Assets/polyperfect/Low Poly Ultimate Pack/M/- Meshes_M/Buildings_M/airport-control-tower.fbx using Guid(0842ea9439597094ca38ad1fcacc678d) Importer(815301076,1909f56bfc062723c751e8b465ee728b)  -> (artifact id: '20790936be4317856f1e9961a1b59776') in 0.041672 seconds 
========================================================================
Received Import Request.
  Time since last request: 0.000262 seconds.
  path: Assets/polyperfect/Low Poly Ultimate Pack/T/- Meshes_T/Apocalypse_T/barrier-concrete.fbx
  artifactKey: Guid(1a411d57a21e04bb3a43e91cd4e032c6) Importer(815301076,1909f56bfc062723c751e8b465ee728b)
Start importing Assets/polyperfect/Low Poly Ultimate Pack/T/- Meshes_T/Apocalypse_T/barrier-concrete.fbx using Guid(1a411d57a21e04bb3a43e91cd4e032c6) Importer(815301076,1909f56bfc062723c751e8b465ee728b)  -> (artifact id: 'a0963c50ed1de4ba71f0bfc2a8b2990c') in 0.027263 seconds 
========================================================================
Received Import Request.
  Time since last request: 0.000318 seconds.
  path: Assets/polyperfect/Low Poly Ultimate Pack/M/- Meshes_M/Apocalypse_M/barrier-concrete.fbx
  artifactKey: Guid(3ddb513a1492d4e38ad77a9737455f25) Importer(815301076,1909f56bfc062723c751e8b465ee728b)
Start importing Assets/polyperfect/Low Poly Ultimate Pack/M/- Meshes_M/Apocalypse_M/barrier-concrete.fbx using Guid(3ddb513a1492d4e38ad77a9737455f25) Importer(815301076,1909f56bfc062723c751e8b465ee728b)  -> (artifact id: 'cb7cc1037f06adaa64488b1d3dfaeadc') in 0.019780 seconds 
